[[[  0.00000000e+00   0.00000000e+00  -3.59128848e-01   0.00000000e+00
     0.00000000e+00   0.00000000e+00]
  [  0.00000000e+00   0.00000000e+00  -2.31958892e-01   0.00000000e+00
     0.00000000e+00   0.00000000e+00]
  [  3.59128848e-01   2.31958892e-01   0.00000000e+00   0.00000000e+00
     0.00000000e+00   1.70496676e-01]
  [  0.00000000e+00   0.00000000e+00   0.00000000e+00   0.00000000e+00
     0.00000000e+00   0.00000000e+00]
  [  0.00000000e+00   0.00000000e+00   0.00000000e+00   0.00000000e+00
     0.00000000e+00   0.00000000e+00]
  [  0.00000000e+00   0.00000000e+00  -1.70496676e-01   0.00000000e+00
     0.00000000e+00   0.00000000e+00]]

 [[  0.00000000e+00   0.00000000e+00   0.00000000e+00  -3.59128848e-01
     0.00000000e+00   0.00000000e+00]
  [  0.00000000e+00   0.00000000e+00   0.00000000e+00  -2.31958892e-01
     0.00000000e+00   0.00000000e+00]
  [  0.00000000e+00   0.00000000e+00   0.00000000e+00   0.00000000e+00
     0.00000000e+00   0.00000000e+00]
  [  3.59128848e-01   2.31958892e-01   0.00000000e+00   0.00000000e+00
     0.00000000e+00   1.70496676e-01]
  [  0.00000000e+00   0.00000000e+00   0.00000000e+00   0.00000000e+00
     0.00000000e+00   0.00000000e+00]
  [  0.00000000e+00   0.00000000e+00   0.00000000e+00  -1.70496676e-01
     0.00000000e+00   0.00000000e+00]]

 [[  0.00000000e+00   0.00000000e+00   0.00000000e+00   0.00000000e+00
    -3.59128848e-01  -7.59025983e-02]
  [  0.00000000e+00   0.00000000e+00   0.00000000e+00   0.00000000e+00
    -2.31958892e-01  -1.32242031e-01]
  [  0.00000000e+00   0.00000000e+00   0.00000000e+00   0.00000000e+00
     0.00000000e+00   0.00000000e+00]
  [  0.00000000e+00   0.00000000e+00   0.00000000e+00   0.00000000e+00
     0.00000000e+00   0.00000000e+00]
  [  3.59128848e-01   2.31958892e-01   0.00000000e+00   0.00000000e+00
     0.00000000e+00  -9.85989418e-02]
  [  7.59025983e-02   1.32242031e-01   0.00000000e+00   0.00000000e+00
     9.85989418e-02   2.96497863e-17]]]
